<?xml version="1.0" encoding="UTF-8"?>
<!-- Generated by org.testng.reporters.JUnitXMLReporter -->
<testsuite ignored="2" hostname="Rohitha-Dell" failures="0" tests="2" name="Default test" time="73.796" errors="0" timestamp="2024-09-11T12:56:17 MDT">
  <testcase classname="RC.Tests.CartTests" name="checkTotal" time="33.178"/>
  <testcase classname="RC.Tests.CartTests" name="checkTotal" time="20.512"/>
  <testcase classname="RC.Tests.CartTests" name="checkCartProductsSameAsFoundItems" time="0.0">
    <ignored/>
  </testcase> <!-- checkCartProductsSameAsFoundItems -->
  <testcase classname="RC.Tests.CartTests" name="printProductsCost" time="0.0">
    <ignored/>
  </testcase> <!-- printProductsCost -->
</testsuite> <!-- Default test -->
