<?xml version="1.0" encoding="UTF-8"?>
<!-- Generated by org.testng.reporters.JUnitXMLReporter -->
<testsuite ignored="3" hostname="Rohitha-Dell" failures="0" tests="2" name="Default test" time="77.821" errors="0" timestamp="2024-09-19T10:46:14 MDT">
  <testcase classname="RC.Tests.CartUsingDatabaseTests" name="checkTotal" time="35.938"/>
  <testcase classname="RC.Tests.CartUsingDatabaseTests" name="checkTotal" time="33.965"/>
  <testcase classname="RC.Tests.CartUsingDatabaseTests" name="checkInvalidLogin" time="0.0">
    <ignored/>
  </testcase> <!-- checkInvalidLogin -->
  <testcase classname="RC.Tests.CartUsingDatabaseTests" name="checkCartProductsSameAsFoundItems" time="0.0">
    <ignored/>
  </testcase> <!-- checkCartProductsSameAsFoundItems -->
  <testcase classname="RC.Tests.CartUsingDatabaseTests" name="printProductsCost" time="0.0">
    <ignored/>
  </testcase> <!-- printProductsCost -->
</testsuite> <!-- Default test -->
