<?xml version="1.0" encoding="UTF-8"?>
<!-- Generated by org.testng.reporters.JUnitXMLReporter -->
<testsuite ignored="0" hostname="Rohitha-Dell" failures="0" tests="9" name="Test" time="462.175" errors="0" timestamp="2024-09-12T08:13:07 MDT">
  <testcase classname="RC.Tests.SubmitOrder" name="checkIfTheProductsAreAvailable" time="52.172"/>
  <testcase classname="RC.Tests.SubmitOrder" name="submitOrder" time="55.517"/>
  <testcase classname="RC.Tests.SubmitOrder" name="submitOrder" time="48.73"/>
  <testcase classname="RC.Tests.CartTests" name="checkCartProductsSameAsFoundItems" time="47.562"/>
  <testcase classname="RC.Tests.CartTests" name="checkCartProductsSameAsFoundItems" time="40.776"/>
  <testcase classname="RC.Tests.CartTests" name="checkTotal" time="57.805"/>
  <testcase classname="RC.Tests.CartTests" name="checkTotal" time="19.628"/>
  <testcase classname="RC.Tests.CartTests" name="printProductsCost" time="42.153"/>
  <testcase classname="RC.Tests.CartTests" name="printProductsCost" time="52.79"/>
</testsuite> <!-- Test -->
