<?xml version="1.0" encoding="UTF-8"?>
<testng-results ignored="0" total="9" passed="9" failed="0" skipped="0">
  <reporter-output>
  </reporter-output>
  <suite started-at="2024-09-12T08:05:21 MDT" name="Suite" finished-at="2024-09-12T08:13:03 MDT" duration-ms="462175">
    <groups>
    </groups>
    <test started-at="2024-09-12T08:05:21 MDT" name="Test" finished-at="2024-09-12T08:13:03 MDT" duration-ms="462175">
      <class name="RC.Tests.SubmitOrder">
        <test-method is-config="true" signature="initializeDriver()[pri:0, instance:RC.Tests.SubmitOrder@359df09a]" started-at="2024-09-12T08:05:21 MDT" name="initializeDriver" finished-at="2024-09-12T08:05:31 MDT" duration-ms="10252" status="PASS">
          <reporter-output>
          </reporter-output>
        </test-method> <!-- initializeDriver -->
        <test-method signature="checkIfTheProductsAreAvailable()[pri:0, instance:RC.Tests.SubmitOrder@359df09a]" started-at="2024-09-12T08:05:31 MDT" name="checkIfTheProductsAreAvailable" finished-at="2024-09-12T08:06:23 MDT" duration-ms="52172" status="PASS">
          <reporter-output>
          </reporter-output>
        </test-method> <!-- checkIfTheProductsAreAvailable -->
        <test-method is-config="true" signature="tearDown()[pri:0, instance:RC.Tests.SubmitOrder@359df09a]" started-at="2024-09-12T08:06:23 MDT" name="tearDown" finished-at="2024-09-12T08:06:25 MDT" duration-ms="1549" status="PASS">
          <reporter-output>
          </reporter-output>
        </test-method> <!-- tearDown -->
        <test-method is-config="true" signature="initializeDriver()[pri:0, instance:RC.Tests.SubmitOrder@359df09a]" started-at="2024-09-12T08:06:25 MDT" name="initializeDriver" finished-at="2024-09-12T08:06:27 MDT" duration-ms="2308" status="PASS">
          <reporter-output>
          </reporter-output>
        </test-method> <!-- initializeDriver -->
        <test-method signature="submitOrder(java.util.HashMap)[pri:0, instance:RC.Tests.SubmitOrder@359df09a]" started-at="2024-09-12T08:06:27 MDT" name="submitOrder" data-provider="data" finished-at="2024-09-12T08:07:23 MDT" duration-ms="55517" status="PASS">
          <params>
            <param index="0">
              <value>
                <![CDATA[{searchWords=[ZARA COAT 3, IPHONE 13 PRO], password=Rohitha@26, userId=rohitha03@gmail.com}]]>
              </value>
            </param>
          </params>
          <reporter-output>
          </reporter-output>
        </test-method> <!-- submitOrder -->
        <test-method is-config="true" signature="tearDown()[pri:0, instance:RC.Tests.SubmitOrder@359df09a]" started-at="2024-09-12T08:07:23 MDT" name="tearDown" finished-at="2024-09-12T08:07:23 MDT" duration-ms="666" status="PASS">
          <reporter-output>
          </reporter-output>
        </test-method> <!-- tearDown -->
        <test-method is-config="true" signature="initializeDriver()[pri:0, instance:RC.Tests.SubmitOrder@359df09a]" started-at="2024-09-12T08:07:23 MDT" name="initializeDriver" finished-at="2024-09-12T08:07:25 MDT" duration-ms="1604" status="PASS">
          <reporter-output>
          </reporter-output>
        </test-method> <!-- initializeDriver -->
        <test-method signature="submitOrder(java.util.HashMap)[pri:0, instance:RC.Tests.SubmitOrder@359df09a]" started-at="2024-09-12T08:07:25 MDT" name="submitOrder" data-provider="data" finished-at="2024-09-12T08:08:14 MDT" duration-ms="48730" status="PASS">
          <params>
            <param index="0">
              <value>
                <![CDATA[{searchWords=[ZARA COAT 3], password=Rohitha@26, userId=rohitha03@gmail.com}]]>
              </value>
            </param>
          </params>
          <reporter-output>
          </reporter-output>
        </test-method> <!-- submitOrder -->
        <test-method is-config="true" signature="tearDown()[pri:0, instance:RC.Tests.SubmitOrder@359df09a]" started-at="2024-09-12T08:08:14 MDT" name="tearDown" finished-at="2024-09-12T08:08:14 MDT" duration-ms="500" status="PASS">
          <reporter-output>
          </reporter-output>
        </test-method> <!-- tearDown -->
      </class> <!-- RC.Tests.SubmitOrder -->
      <class name="RC.Tests.CartTests">
        <test-method is-config="true" signature="initializeDriver()[pri:0, instance:RC.Tests.CartTests@5965d37]" started-at="2024-09-12T08:08:15 MDT" name="initializeDriver" finished-at="2024-09-12T08:08:17 MDT" duration-ms="2500" status="PASS">
          <reporter-output>
          </reporter-output>
        </test-method> <!-- initializeDriver -->
        <test-method signature="checkCartProductsSameAsFoundItems(java.util.HashMap)[pri:0, instance:RC.Tests.CartTests@5965d37]" started-at="2024-09-12T08:08:17 MDT" name="checkCartProductsSameAsFoundItems" data-provider="data" finished-at="2024-09-12T08:09:05 MDT" duration-ms="47562" status="PASS">
          <params>
            <param index="0">
              <value>
                <![CDATA[{searchWords=[ZARA COAT 3, IPHONE 13 PRO], password=Rohitha@26, userId=rohitha03@gmail.com}]]>
              </value>
            </param>
          </params>
          <reporter-output>
          </reporter-output>
        </test-method> <!-- checkCartProductsSameAsFoundItems -->
        <test-method is-config="true" signature="tearDown()[pri:0, instance:RC.Tests.CartTests@5965d37]" started-at="2024-09-12T08:09:05 MDT" name="tearDown" finished-at="2024-09-12T08:09:06 MDT" duration-ms="1208" status="PASS">
          <reporter-output>
          </reporter-output>
        </test-method> <!-- tearDown -->
        <test-method is-config="true" signature="initializeDriver()[pri:0, instance:RC.Tests.CartTests@5965d37]" started-at="2024-09-12T08:09:06 MDT" name="initializeDriver" finished-at="2024-09-12T08:09:09 MDT" duration-ms="2576" status="PASS">
          <reporter-output>
          </reporter-output>
        </test-method> <!-- initializeDriver -->
        <test-method signature="checkCartProductsSameAsFoundItems(java.util.HashMap)[pri:0, instance:RC.Tests.CartTests@5965d37]" started-at="2024-09-12T08:09:09 MDT" name="checkCartProductsSameAsFoundItems" data-provider="data" finished-at="2024-09-12T08:09:50 MDT" duration-ms="40776" status="PASS">
          <params>
            <param index="0">
              <value>
                <![CDATA[{searchWords=[ZARA COAT 3], password=Rohitha@26, userId=rohitha03@gmail.com}]]>
              </value>
            </param>
          </params>
          <reporter-output>
          </reporter-output>
        </test-method> <!-- checkCartProductsSameAsFoundItems -->
        <test-method is-config="true" signature="tearDown()[pri:0, instance:RC.Tests.CartTests@5965d37]" started-at="2024-09-12T08:09:50 MDT" name="tearDown" finished-at="2024-09-12T08:09:51 MDT" duration-ms="1333" status="PASS">
          <reporter-output>
          </reporter-output>
        </test-method> <!-- tearDown -->
        <test-method is-config="true" signature="initializeDriver()[pri:0, instance:RC.Tests.CartTests@5965d37]" started-at="2024-09-12T08:09:51 MDT" name="initializeDriver" finished-at="2024-09-12T08:09:53 MDT" duration-ms="2533" status="PASS">
          <reporter-output>
          </reporter-output>
        </test-method> <!-- initializeDriver -->
        <test-method signature="checkTotal(java.util.HashMap)[pri:0, instance:RC.Tests.CartTests@5965d37]" started-at="2024-09-12T08:09:53 MDT" name="checkTotal" data-provider="data" finished-at="2024-09-12T08:10:51 MDT" duration-ms="57805" status="PASS">
          <params>
            <param index="0">
              <value>
                <![CDATA[{searchWords=[ZARA COAT 3, IPHONE 13 PRO], password=Rohitha@26, userId=rohitha03@gmail.com}]]>
              </value>
            </param>
          </params>
          <reporter-output>
          </reporter-output>
        </test-method> <!-- checkTotal -->
        <test-method is-config="true" signature="tearDown()[pri:0, instance:RC.Tests.CartTests@5965d37]" started-at="2024-09-12T08:10:51 MDT" name="tearDown" finished-at="2024-09-12T08:10:52 MDT" duration-ms="688" status="PASS">
          <reporter-output>
          </reporter-output>
        </test-method> <!-- tearDown -->
        <test-method is-config="true" signature="initializeDriver()[pri:0, instance:RC.Tests.CartTests@5965d37]" started-at="2024-09-12T08:10:52 MDT" name="initializeDriver" finished-at="2024-09-12T08:10:54 MDT" duration-ms="2131" status="PASS">
          <reporter-output>
          </reporter-output>
        </test-method> <!-- initializeDriver -->
        <test-method signature="checkTotal(java.util.HashMap)[pri:0, instance:RC.Tests.CartTests@5965d37]" started-at="2024-09-12T08:10:54 MDT" name="checkTotal" data-provider="data" finished-at="2024-09-12T08:11:14 MDT" duration-ms="19628" status="PASS">
          <params>
            <param index="0">
              <value>
                <![CDATA[{searchWords=[ZARA COAT 3], password=Rohitha@26, userId=rohitha03@gmail.com}]]>
              </value>
            </param>
          </params>
          <reporter-output>
          </reporter-output>
        </test-method> <!-- checkTotal -->
        <test-method is-config="true" signature="tearDown()[pri:0, instance:RC.Tests.CartTests@5965d37]" started-at="2024-09-12T08:11:14 MDT" name="tearDown" finished-at="2024-09-12T08:11:15 MDT" duration-ms="969" status="PASS">
          <reporter-output>
          </reporter-output>
        </test-method> <!-- tearDown -->
        <test-method is-config="true" signature="initializeDriver()[pri:0, instance:RC.Tests.CartTests@5965d37]" started-at="2024-09-12T08:11:15 MDT" name="initializeDriver" finished-at="2024-09-12T08:11:16 MDT" duration-ms="1671" status="PASS">
          <reporter-output>
          </reporter-output>
        </test-method> <!-- initializeDriver -->
        <test-method signature="printProductsCost(java.util.HashMap)[pri:0, instance:RC.Tests.CartTests@5965d37]" started-at="2024-09-12T08:11:16 MDT" name="printProductsCost" data-provider="data" finished-at="2024-09-12T08:11:59 MDT" duration-ms="42153" status="PASS">
          <params>
            <param index="0">
              <value>
                <![CDATA[{searchWords=[ZARA COAT 3, IPHONE 13 PRO], password=Rohitha@26, userId=rohitha03@gmail.com}]]>
              </value>
            </param>
          </params>
          <reporter-output>
          </reporter-output>
        </test-method> <!-- printProductsCost -->
        <test-method is-config="true" signature="tearDown()[pri:0, instance:RC.Tests.CartTests@5965d37]" started-at="2024-09-12T08:11:59 MDT" name="tearDown" finished-at="2024-09-12T08:12:01 MDT" duration-ms="2795" status="PASS">
          <reporter-output>
          </reporter-output>
        </test-method> <!-- tearDown -->
        <test-method is-config="true" signature="initializeDriver()[pri:0, instance:RC.Tests.CartTests@5965d37]" started-at="2024-09-12T08:12:01 MDT" name="initializeDriver" finished-at="2024-09-12T08:12:09 MDT" duration-ms="7624" status="PASS">
          <reporter-output>
          </reporter-output>
        </test-method> <!-- initializeDriver -->
        <test-method signature="printProductsCost(java.util.HashMap)[pri:0, instance:RC.Tests.CartTests@5965d37]" started-at="2024-09-12T08:12:09 MDT" name="printProductsCost" data-provider="data" finished-at="2024-09-12T08:13:02 MDT" duration-ms="52790" status="PASS">
          <params>
            <param index="0">
              <value>
                <![CDATA[{searchWords=[ZARA COAT 3], password=Rohitha@26, userId=rohitha03@gmail.com}]]>
              </value>
            </param>
          </params>
          <reporter-output>
          </reporter-output>
        </test-method> <!-- printProductsCost -->
        <test-method is-config="true" signature="tearDown()[pri:0, instance:RC.Tests.CartTests@5965d37]" started-at="2024-09-12T08:13:02 MDT" name="tearDown" finished-at="2024-09-12T08:13:03 MDT" duration-ms="1238" status="PASS">
          <reporter-output>
          </reporter-output>
        </test-method> <!-- tearDown -->
      </class> <!-- RC.Tests.CartTests -->
    </test> <!-- Test -->
  </suite> <!-- Suite -->
</testng-results>
