<?xml version="1.0" encoding="UTF-8"?>
<testng-results retried="1" ignored="1" total="4" passed="2" failed="0" skipped="0">
  <reporter-output>
  </reporter-output>
  <suite started-at="2024-09-17T13:24:13 MDT" name="Default suite" finished-at="2024-09-17T13:26:18 MDT" duration-ms="124889">
    <groups>
    </groups>
    <test started-at="2024-09-17T13:24:13 MDT" name="Default test" finished-at="2024-09-17T13:26:18 MDT" duration-ms="124889">
      <class name="RC.Tests.CartUsingExcelTests">
        <test-method is-config="true" signature="initializeDriver()[pri:0, instance:RC.Tests.CartUsingExcelTests@5149d738]" started-at="2024-09-17T13:24:16 MDT" name="initializeDriver" finished-at="2024-09-17T13:24:31 MDT" duration-ms="14905" status="PASS">
          <reporter-output>
          </reporter-output>
        </test-method> <!-- initializeDriver -->
        <test-method retried="true" signature="checkTotal(java.util.HashMap)[pri:0, instance:RC.Tests.CartUsingExcelTests@5149d738]" started-at="2024-09-17T13:24:31 MDT" name="checkTotal" data-provider="data" finished-at="2024-09-17T13:25:07 MDT" duration-ms="35548" status="SKIP">
          <params>
            <param index="0">
              <value>
                <![CDATA[{searchWords=[ZARA COAT 3, IPHONE 13 PRO], userId=rohitha03@gmail.com, password=Rohitha@26}]]>
              </value>
            </param>
          </params>
          <exception class="org.openqa.selenium.ElementClickInterceptedException">
            <message>
              <![CDATA[element click intercepted: Element <button _ngcontent-kyn-c33="" routerlink="/dashboard/cart" class="btn btn-custom" style="margin-top: -10px;" tabindex="0">...</button> is not clickable at point (1025, 27). Other element would receive the click: <div _ngcontent-kyn-c31="" class="ngx-spinner-overlay ng-tns-c31-1 ng-trigger ng-trigger-fadeIn ng-star-inserted ng-animating" style="background-color: rgba(51, 51, 51, 0.8); z-index: 99999; position: fixed;">...</div>
  (Session info: chrome=128.0.6613.138)
Build info: version: '4.24.0', revision: '748ffc9bc3'
System info: os.name: 'Windows 10', os.arch: 'amd64', os.version: '10.0', java.version: '21.0.3'
Driver info: org.openqa.selenium.chrome.ChromeDriver
Command: [74ea416cfdd36d6afa83c4c2f9d62d83, clickElement {id=f.113CBE0DD57233B178B20AD86AA454F2.d.9792DE8420C4D683309BD534A2C3AA79.e.95}]
Capabilities {acceptInsecureCerts: false, browserName: chrome, browserVersion: 128.0.6613.138, chrome: {chromedriverVersion: 128.0.6613.137 (fe621c5aa2d..., userDataDir: C:\Users\SUNNY\AppData\Loca...}, fedcm:accounts: true, goog:chromeOptions: {debuggerAddress: localhost:58985}, networkConnectionEnabled: false, pageLoadStrategy: normal, platformName: windows, proxy: Proxy(), se:cdp: ws://localhost:58985/devtoo..., se:cdpVersion: 128.0.6613.138, setWindowRect: true, strictFileInteractability: false, timeouts: {implicit: 0, pageLoad: 300000, script: 30000}, unhandledPromptBehavior: dismiss and notify, webauthn:extension:credBlob: true, webauthn:extension:largeBlob: true, webauthn:extension:minPinLength: true, webauthn:extension:prf: true, webauthn:virtualAuthenticators: true}
Element: [[ChromeDriver: chrome on windows (74ea416cfdd36d6afa83c4c2f9d62d83)] -> xpath: //button[@routerlink="/dashboard/cart"]]
Session ID: 74ea416cfdd36d6afa83c4c2f9d62d83]]>
            </message>
            <full-stacktrace>
              <![CDATA[org.openqa.selenium.ElementClickInterceptedException: element click intercepted: Element <button _ngcontent-kyn-c33="" routerlink="/dashboard/cart" class="btn btn-custom" style="margin-top: -10px;" tabindex="0">...</button> is not clickable at point (1025, 27). Other element would receive the click: <div _ngcontent-kyn-c31="" class="ngx-spinner-overlay ng-tns-c31-1 ng-trigger ng-trigger-fadeIn ng-star-inserted ng-animating" style="background-color: rgba(51, 51, 51, 0.8); z-index: 99999; position: fixed;">...</div>
  (Session info: chrome=128.0.6613.138)
Build info: version: '4.24.0', revision: '748ffc9bc3'
System info: os.name: 'Windows 10', os.arch: 'amd64', os.version: '10.0', java.version: '21.0.3'
Driver info: org.openqa.selenium.chrome.ChromeDriver
Command: [74ea416cfdd36d6afa83c4c2f9d62d83, clickElement {id=f.113CBE0DD57233B178B20AD86AA454F2.d.9792DE8420C4D683309BD534A2C3AA79.e.95}]
Capabilities {acceptInsecureCerts: false, browserName: chrome, browserVersion: 128.0.6613.138, chrome: {chromedriverVersion: 128.0.6613.137 (fe621c5aa2d..., userDataDir: C:\Users\SUNNY\AppData\Loca...}, fedcm:accounts: true, goog:chromeOptions: {debuggerAddress: localhost:58985}, networkConnectionEnabled: false, pageLoadStrategy: normal, platformName: windows, proxy: Proxy(), se:cdp: ws://localhost:58985/devtoo..., se:cdpVersion: 128.0.6613.138, setWindowRect: true, strictFileInteractability: false, timeouts: {implicit: 0, pageLoad: 300000, script: 30000}, unhandledPromptBehavior: dismiss and notify, webauthn:extension:credBlob: true, webauthn:extension:largeBlob: true, webauthn:extension:minPinLength: true, webauthn:extension:prf: true, webauthn:virtualAuthenticators: true}
Element: [[ChromeDriver: chrome on windows (74ea416cfdd36d6afa83c4c2f9d62d83)] -> xpath: //button[@routerlink="/dashboard/cart"]]
Session ID: 74ea416cfdd36d6afa83c4c2f9d62d83
at java.base/jdk.internal.reflect.DirectConstructorHandleAccessor.newInstance(DirectConstructorHandleAccessor.java:62)
at java.base/java.lang.reflect.Constructor.newInstanceWithCaller(Constructor.java:502)
at java.base/java.lang.reflect.Constructor.newInstance(Constructor.java:486)
at org.openqa.selenium.remote.ErrorCodec.decode(ErrorCodec.java:167)
at org.openqa.selenium.remote.codec.w3c.W3CHttpResponseCodec.decode(W3CHttpResponseCodec.java:138)
at org.openqa.selenium.remote.codec.w3c.W3CHttpResponseCodec.decode(W3CHttpResponseCodec.java:50)
at org.openqa.selenium.remote.HttpCommandExecutor.execute(HttpCommandExecutor.java:190)
at org.openqa.selenium.remote.service.DriverCommandExecutor.invokeExecute(DriverCommandExecutor.java:216)
at org.openqa.selenium.remote.service.DriverCommandExecutor.execute(DriverCommandExecutor.java:174)
at org.openqa.selenium.remote.RemoteWebDriver.execute(RemoteWebDriver.java:545)
at org.openqa.selenium.remote.RemoteWebElement.execute(RemoteWebElement.java:223)
at org.openqa.selenium.remote.RemoteWebElement.click(RemoteWebElement.java:76)
at java.base/jdk.internal.reflect.DirectMethodHandleAccessor.invoke(DirectMethodHandleAccessor.java:103)
at java.base/java.lang.reflect.Method.invoke(Method.java:580)
at org.openqa.selenium.support.pagefactory.internal.LocatingElementHandler.invoke(LocatingElementHandler.java:51)
at jdk.proxy2/jdk.proxy2.$Proxy14.click(Unknown Source)
at RC.AbstractComponents.AbstractComponent.clickOnCart(AbstractComponent.java:32)
at RC.Tests.CartUsingExcelTests.checkTotal(CartUsingExcelTests.java:53)
at java.base/jdk.internal.reflect.DirectMethodHandleAccessor.invoke(DirectMethodHandleAccessor.java:103)
at java.base/java.lang.reflect.Method.invoke(Method.java:580)
at org.testng.internal.invokers.MethodInvocationHelper.invokeMethod(MethodInvocationHelper.java:141)
at org.testng.internal.invokers.TestInvoker.invokeMethod(TestInvoker.java:686)
at org.testng.internal.invokers.TestInvoker.invokeTestMethod(TestInvoker.java:230)
at org.testng.internal.invokers.MethodRunner.runInSequence(MethodRunner.java:63)
at org.testng.internal.invokers.TestInvoker$MethodInvocationAgent.invoke(TestInvoker.java:992)
at org.testng.internal.invokers.TestInvoker.invokeTestMethods(TestInvoker.java:203)
at org.testng.internal.invokers.TestMethodWorker.invokeTestMethods(TestMethodWorker.java:154)
at org.testng.internal.invokers.TestMethodWorker.run(TestMethodWorker.java:134)
at java.base/java.util.ArrayList.forEach(ArrayList.java:1596)
at org.testng.TestRunner.privateRun(TestRunner.java:739)
at org.testng.TestRunner.run(TestRunner.java:614)
at org.testng.SuiteRunner.runTest(SuiteRunner.java:421)
at org.testng.SuiteRunner.runSequentially(SuiteRunner.java:413)
at org.testng.SuiteRunner.privateRun(SuiteRunner.java:373)
at org.testng.SuiteRunner.run(SuiteRunner.java:312)
at org.testng.SuiteRunnerWorker.runSuite(SuiteRunnerWorker.java:52)
at org.testng.SuiteRunnerWorker.run(SuiteRunnerWorker.java:95)
at org.testng.TestNG.runSuitesSequentially(TestNG.java:1274)
at org.testng.TestNG.runSuitesLocally(TestNG.java:1208)
at org.testng.TestNG.runSuites(TestNG.java:1112)
at org.testng.TestNG.run(TestNG.java:1079)
at org.testng.remote.AbstractRemoteTestNG.run(AbstractRemoteTestNG.java:115)
at org.testng.remote.RemoteTestNG.initAndRun(RemoteTestNG.java:293)
at org.testng.remote.RemoteTestNG.main(RemoteTestNG.java:91)
]]>
            </full-stacktrace>
          </exception> <!-- org.openqa.selenium.ElementClickInterceptedException -->
          <reporter-output>
          </reporter-output>
        </test-method> <!-- checkTotal -->
        <test-method is-config="true" signature="tearDown()[pri:0, instance:RC.Tests.CartUsingExcelTests@5149d738]" started-at="2024-09-17T13:25:07 MDT" name="tearDown" finished-at="2024-09-17T13:25:08 MDT" duration-ms="1322" status="PASS">
          <reporter-output>
          </reporter-output>
        </test-method> <!-- tearDown -->
        <test-method is-config="true" signature="initializeDriver()[pri:0, instance:RC.Tests.CartUsingExcelTests@5149d738]" started-at="2024-09-17T13:25:08 MDT" name="initializeDriver" finished-at="2024-09-17T13:25:10 MDT" duration-ms="2072" status="PASS">
          <reporter-output>
          </reporter-output>
        </test-method> <!-- initializeDriver -->
        <test-method signature="checkTotal(java.util.HashMap)[pri:0, instance:RC.Tests.CartUsingExcelTests@5149d738]" started-at="2024-09-17T13:25:10 MDT" name="checkTotal" data-provider="data" finished-at="2024-09-17T13:25:35 MDT" duration-ms="24443" status="PASS">
          <params>
            <param index="0">
              <value>
                <![CDATA[{searchWords=[ZARA COAT 3, IPHONE 13 PRO], userId=rohitha03@gmail.com, password=Rohitha@26}]]>
              </value>
            </param>
          </params>
          <reporter-output>
          </reporter-output>
        </test-method> <!-- checkTotal -->
        <test-method is-config="true" signature="tearDown()[pri:0, instance:RC.Tests.CartUsingExcelTests@5149d738]" started-at="2024-09-17T13:25:35 MDT" name="tearDown" finished-at="2024-09-17T13:25:36 MDT" duration-ms="1049" status="PASS">
          <reporter-output>
          </reporter-output>
        </test-method> <!-- tearDown -->
        <test-method is-config="true" signature="initializeDriver()[pri:0, instance:RC.Tests.CartUsingExcelTests@5149d738]" started-at="2024-09-17T13:25:36 MDT" name="initializeDriver" finished-at="2024-09-17T13:25:38 MDT" duration-ms="2621" status="PASS">
          <reporter-output>
          </reporter-output>
        </test-method> <!-- initializeDriver -->
        <test-method signature="checkTotal(java.util.HashMap)[pri:0, instance:RC.Tests.CartUsingExcelTests@5149d738]" started-at="2024-09-17T13:25:38 MDT" name="checkTotal" data-provider="data" finished-at="2024-09-17T13:26:15 MDT" duration-ms="37175" status="PASS">
          <params>
            <param index="0">
              <value>
                <![CDATA[{searchWords=[ZARA COAT 3, ADIDAS ORIGINAL], userId=rohitha03@gmail.com, password=Rohitha@26}]]>
              </value>
            </param>
          </params>
          <reporter-output>
          </reporter-output>
        </test-method> <!-- checkTotal -->
        <test-method is-config="true" signature="tearDown()[pri:0, instance:RC.Tests.CartUsingExcelTests@5149d738]" started-at="2024-09-17T13:26:15 MDT" name="tearDown" finished-at="2024-09-17T13:26:18 MDT" duration-ms="2238" status="PASS">
          <reporter-output>
          </reporter-output>
        </test-method> <!-- tearDown -->
      </class> <!-- RC.Tests.CartUsingExcelTests -->
    </test> <!-- Default test -->
  </suite> <!-- Default suite -->
</testng-results>
