<?xml version="1.0" encoding="UTF-8"?>
<testng-results ignored="0" total="2" passed="2" failed="0" skipped="0">
  <reporter-output>
  </reporter-output>
  <suite started-at="2024-09-19T10:44:56 MDT" name="Default suite" finished-at="2024-09-19T10:46:14 MDT" duration-ms="77821">
    <groups>
    </groups>
    <test started-at="2024-09-19T10:44:56 MDT" name="Default test" finished-at="2024-09-19T10:46:14 MDT" duration-ms="77821">
      <class name="RC.Tests.CartUsingDatabaseTests">
        <test-method is-config="true" signature="initializeDriver()[pri:0, instance:RC.Tests.CartUsingDatabaseTests@4d1c005e]" started-at="2024-09-19T10:44:58 MDT" name="initializeDriver" finished-at="2024-09-19T10:45:01 MDT" duration-ms="3565" status="PASS">
          <reporter-output>
          </reporter-output>
        </test-method> <!-- initializeDriver -->
        <test-method signature="checkTotal(java.util.HashMap)[pri:0, instance:RC.Tests.CartUsingDatabaseTests@4d1c005e]" started-at="2024-09-19T10:45:01 MDT" name="checkTotal" data-provider="data" finished-at="2024-09-19T10:45:37 MDT" duration-ms="35938" status="PASS">
          <params>
            <param index="0">
              <value>
                <![CDATA[{searchWords=[ZARA COAT 3, IPHONE 13 PRO]}]]>
              </value>
            </param>
          </params>
          <reporter-output>
          </reporter-output>
        </test-method> <!-- checkTotal -->
        <test-method is-config="true" signature="tearDown()[pri:0, instance:RC.Tests.CartUsingDatabaseTests@4d1c005e]" started-at="2024-09-19T10:45:37 MDT" name="tearDown" finished-at="2024-09-19T10:45:38 MDT" duration-ms="452" status="PASS">
          <reporter-output>
          </reporter-output>
        </test-method> <!-- tearDown -->
        <test-method is-config="true" signature="initializeDriver()[pri:0, instance:RC.Tests.CartUsingDatabaseTests@4d1c005e]" started-at="2024-09-19T10:45:38 MDT" name="initializeDriver" finished-at="2024-09-19T10:45:39 MDT" duration-ms="1561" status="PASS">
          <reporter-output>
          </reporter-output>
        </test-method> <!-- initializeDriver -->
        <test-method signature="checkTotal(java.util.HashMap)[pri:0, instance:RC.Tests.CartUsingDatabaseTests@4d1c005e]" started-at="2024-09-19T10:45:39 MDT" name="checkTotal" data-provider="data" finished-at="2024-09-19T10:46:13 MDT" duration-ms="33965" status="PASS">
          <params>
            <param index="0">
              <value>
                <![CDATA[{searchWords=[ZARA COAT 3, ADIDAS ORIGINAL]}]]>
              </value>
            </param>
          </params>
          <reporter-output>
          </reporter-output>
        </test-method> <!-- checkTotal -->
        <test-method is-config="true" signature="tearDown()[pri:0, instance:RC.Tests.CartUsingDatabaseTests@4d1c005e]" started-at="2024-09-19T10:46:13 MDT" name="tearDown" finished-at="2024-09-19T10:46:14 MDT" duration-ms="620" status="PASS">
          <reporter-output>
          </reporter-output>
        </test-method> <!-- tearDown -->
      </class> <!-- RC.Tests.CartUsingDatabaseTests -->
    </test> <!-- Default test -->
  </suite> <!-- Default suite -->
</testng-results>
