<?xml version="1.0" encoding="UTF-8"?>
<testng-results ignored="0" total="2" passed="2" failed="0" skipped="0">
  <reporter-output>
  </reporter-output>
  <suite started-at="2024-09-12T08:02:07 MDT" name="Default suite" finished-at="2024-09-12T08:03:35 MDT" duration-ms="88595">
    <groups>
    </groups>
    <test started-at="2024-09-12T08:02:07 MDT" name="Default test" finished-at="2024-09-12T08:03:35 MDT" duration-ms="88595">
      <class name="RC.Tests.CartTests">
        <test-method is-config="true" signature="initializeDriver()[pri:0, instance:RC.Tests.CartTests@7bba5817]" started-at="2024-09-12T08:02:07 MDT" name="initializeDriver" finished-at="2024-09-12T08:02:12 MDT" duration-ms="4381" status="PASS">
          <reporter-output>
          </reporter-output>
        </test-method> <!-- initializeDriver -->
        <test-method signature="checkCartProductsSameAsFoundItems(java.util.HashMap)[pri:0, instance:RC.Tests.CartTests@7bba5817]" started-at="2024-09-12T08:02:12 MDT" name="checkCartProductsSameAsFoundItems" data-provider="data" finished-at="2024-09-12T08:02:58 MDT" duration-ms="46337" status="PASS">
          <params>
            <param index="0">
              <value>
                <![CDATA[{searchWords=[ZARA COAT 3, IPHONE 13 PRO], userId=rohitha03@gmail.com, password=Rohitha@26}]]>
              </value>
            </param>
          </params>
          <reporter-output>
          </reporter-output>
        </test-method> <!-- checkCartProductsSameAsFoundItems -->
        <test-method is-config="true" signature="tearDown()[pri:0, instance:RC.Tests.CartTests@7bba5817]" started-at="2024-09-12T08:02:58 MDT" name="tearDown" finished-at="2024-09-12T08:02:59 MDT" duration-ms="729" status="PASS">
          <reporter-output>
          </reporter-output>
        </test-method> <!-- tearDown -->
        <test-method is-config="true" signature="initializeDriver()[pri:0, instance:RC.Tests.CartTests@7bba5817]" started-at="2024-09-12T08:02:59 MDT" name="initializeDriver" finished-at="2024-09-12T08:03:02 MDT" duration-ms="3514" status="PASS">
          <reporter-output>
          </reporter-output>
        </test-method> <!-- initializeDriver -->
        <test-method signature="checkCartProductsSameAsFoundItems(java.util.HashMap)[pri:0, instance:RC.Tests.CartTests@7bba5817]" started-at="2024-09-12T08:03:02 MDT" name="checkCartProductsSameAsFoundItems" data-provider="data" finished-at="2024-09-12T08:03:30 MDT" duration-ms="28176" status="PASS">
          <params>
            <param index="0">
              <value>
                <![CDATA[{searchWords=[ZARA COAT 3], userId=rohitha03@gmail.com, password=Rohitha@26}]]>
              </value>
            </param>
          </params>
          <reporter-output>
          </reporter-output>
        </test-method> <!-- checkCartProductsSameAsFoundItems -->
        <test-method is-config="true" signature="tearDown()[pri:0, instance:RC.Tests.CartTests@7bba5817]" started-at="2024-09-12T08:03:30 MDT" name="tearDown" finished-at="2024-09-12T08:03:35 MDT" duration-ms="4806" status="PASS">
          <reporter-output>
          </reporter-output>
        </test-method> <!-- tearDown -->
      </class> <!-- RC.Tests.CartTests -->
    </test> <!-- Default test -->
  </suite> <!-- Default suite -->
</testng-results>
