<?xml version="1.0" encoding="UTF-8"?>
<testng-results ignored="0" total="2" passed="2" failed="0" skipped="0">
  <reporter-output>
  </reporter-output>
  <suite started-at="2024-09-11T12:55:03 MDT" name="Default suite" finished-at="2024-09-11T12:56:17 MDT" duration-ms="73796">
    <groups>
    </groups>
    <test started-at="2024-09-11T12:55:03 MDT" name="Default test" finished-at="2024-09-11T12:56:17 MDT" duration-ms="73796">
      <class name="RC.Tests.CartTests">
        <test-method is-config="true" signature="initializeDriver()[pri:0, instance:RC.Tests.CartTests@7bba5817]" started-at="2024-09-11T12:55:04 MDT" name="initializeDriver" finished-at="2024-09-11T12:55:12 MDT" duration-ms="8534" status="PASS">
          <reporter-output>
          </reporter-output>
        </test-method> <!-- initializeDriver -->
        <test-method signature="checkTotal(java.util.HashMap)[pri:0, instance:RC.Tests.CartTests@7bba5817]" started-at="2024-09-11T12:55:12 MDT" name="checkTotal" data-provider="data" finished-at="2024-09-11T12:55:45 MDT" duration-ms="33178" status="PASS">
          <params>
            <param index="0">
              <value>
                <![CDATA[{searchWords=[ZARA COAT 3, IPHONE 13 PRO], userId=rohitha03@gmail.com, password=Rohitha@26}]]>
              </value>
            </param>
          </params>
          <reporter-output>
          </reporter-output>
        </test-method> <!-- checkTotal -->
        <test-method is-config="true" signature="tearDown()[pri:0, instance:RC.Tests.CartTests@7bba5817]" started-at="2024-09-11T12:55:45 MDT" name="tearDown" finished-at="2024-09-11T12:55:48 MDT" duration-ms="2215" status="PASS">
          <reporter-output>
          </reporter-output>
        </test-method> <!-- tearDown -->
        <test-method is-config="true" signature="initializeDriver()[pri:0, instance:RC.Tests.CartTests@7bba5817]" started-at="2024-09-11T12:55:48 MDT" name="initializeDriver" finished-at="2024-09-11T12:55:55 MDT" duration-ms="7192" status="PASS">
          <reporter-output>
          </reporter-output>
        </test-method> <!-- initializeDriver -->
        <test-method signature="checkTotal(java.util.HashMap)[pri:0, instance:RC.Tests.CartTests@7bba5817]" started-at="2024-09-11T12:55:55 MDT" name="checkTotal" data-provider="data" finished-at="2024-09-11T12:56:15 MDT" duration-ms="20512" status="PASS">
          <params>
            <param index="0">
              <value>
                <![CDATA[{searchWords=[ZARA COAT 3], userId=rohitha03@gmail.com, password=Rohitha@26}]]>
              </value>
            </param>
          </params>
          <reporter-output>
          </reporter-output>
        </test-method> <!-- checkTotal -->
        <test-method is-config="true" signature="tearDown()[pri:0, instance:RC.Tests.CartTests@7bba5817]" started-at="2024-09-11T12:56:15 MDT" name="tearDown" finished-at="2024-09-11T12:56:17 MDT" duration-ms="1616" status="PASS">
          <reporter-output>
          </reporter-output>
        </test-method> <!-- tearDown -->
      </class> <!-- RC.Tests.CartTests -->
    </test> <!-- Default test -->
  </suite> <!-- Default suite -->
</testng-results>
