<?xml version="1.0" encoding="UTF-8"?>
<testng-results ignored="0" total="2" passed="2" failed="0" skipped="0">
  <reporter-output>
  </reporter-output>
  <suite started-at="2024-09-14T15:17:00 MDT" name="Default suite" finished-at="2024-09-14T15:18:02 MDT" duration-ms="62459">
    <groups>
    </groups>
    <test started-at="2024-09-14T15:17:00 MDT" name="Default test" finished-at="2024-09-14T15:18:02 MDT" duration-ms="62459">
      <class name="RC.Tests.CartUsingExcelTests">
        <test-method is-config="true" signature="initializeDriver()[pri:0, instance:RC.Tests.CartUsingExcelTests@3f191845]" started-at="2024-09-14T15:17:02 MDT" name="initializeDriver" finished-at="2024-09-14T15:17:04 MDT" duration-ms="2966" status="PASS">
          <reporter-output>
          </reporter-output>
        </test-method> <!-- initializeDriver -->
        <test-method signature="printProductsCost(java.util.HashMap)[pri:0, instance:RC.Tests.CartUsingExcelTests@3f191845]" started-at="2024-09-14T15:17:04 MDT" name="printProductsCost" data-provider="data" finished-at="2024-09-14T15:17:38 MDT" duration-ms="33721" status="PASS">
          <params>
            <param index="0">
              <value>
                <![CDATA[{searchWords=[ZARA COAT 3, IPHONE 13 PRO], userId=rohitha03@gmail.com, password=Rohitha@26}]]>
              </value>
            </param>
          </params>
          <reporter-output>
          </reporter-output>
        </test-method> <!-- printProductsCost -->
        <test-method is-config="true" signature="tearDown()[pri:0, instance:RC.Tests.CartUsingExcelTests@3f191845]" started-at="2024-09-14T15:17:38 MDT" name="tearDown" finished-at="2024-09-14T15:17:39 MDT" duration-ms="462" status="PASS">
          <reporter-output>
          </reporter-output>
        </test-method> <!-- tearDown -->
        <test-method is-config="true" signature="initializeDriver()[pri:0, instance:RC.Tests.CartUsingExcelTests@3f191845]" started-at="2024-09-14T15:17:39 MDT" name="initializeDriver" finished-at="2024-09-14T15:17:40 MDT" duration-ms="1816" status="PASS">
          <reporter-output>
          </reporter-output>
        </test-method> <!-- initializeDriver -->
        <test-method signature="printProductsCost(java.util.HashMap)[pri:0, instance:RC.Tests.CartUsingExcelTests@3f191845]" started-at="2024-09-14T15:17:40 MDT" name="printProductsCost" data-provider="data" finished-at="2024-09-14T15:18:02 MDT" duration-ms="21213" status="PASS">
          <params>
            <param index="0">
              <value>
                <![CDATA[{searchWords=[ZARA COAT 3], userId=rohitha03@gmail.com, password=Rohitha@26}]]>
              </value>
            </param>
          </params>
          <reporter-output>
          </reporter-output>
        </test-method> <!-- printProductsCost -->
        <test-method is-config="true" signature="tearDown()[pri:0, instance:RC.Tests.CartUsingExcelTests@3f191845]" started-at="2024-09-14T15:18:02 MDT" name="tearDown" finished-at="2024-09-14T15:18:02 MDT" duration-ms="618" status="PASS">
          <reporter-output>
          </reporter-output>
        </test-method> <!-- tearDown -->
      </class> <!-- RC.Tests.CartUsingExcelTests -->
    </test> <!-- Default test -->
  </suite> <!-- Default suite -->
</testng-results>
